<?xml version="1.0" encoding="UTF-8"?>
<!-- Generated by org.testng.reporters.JUnitReportReporter -->
<testsuite hostname="DESKTOP-KGND6QA" failures="0" tests="1" name="ppack.LoginTest" time="16.552" errors="0" timestamp="2023-04-04T16:03:51 IST" skipped="0">
  <testcase classname="ppack.LoginTest" name="loginsTest" time="16.552"/>
  <system-out/>
</testsuite> <!-- ppack.LoginTest -->
